<?xml version="1.0" encoding="UTF-8"?>
<coverage generated="1770105637316" clover="3.2.0">
  <project timestamp="1770105637316" name="All files">
    <metrics statements="67" coveredstatements="65" conditionals="24" coveredconditionals="24" methods="34" coveredmethods="34" elements="125" coveredelements="123" complexity="0" loc="67" ncloc="67" packages="1" files="3" classes="3"/>
    <file name="api.js" path="C:\Users\KofiFrimpongOsei\Desktop\task-manager-api-client\api.js">
      <metrics statements="29" coveredstatements="27" conditionals="6" coveredconditionals="6" methods="11" coveredmethods="11"/>
      <line num="5" count="11" type="stmt"/>
      <line num="9" count="11" type="stmt"/>
      <line num="16" count="22" type="stmt"/>
      <line num="17" count="22" type="stmt"/>
      <line num="18" count="12" type="cond" truecount="2" falsecount="0"/>
      <line num="19" count="1" type="stmt"/>
      <line num="20" count="1" type="stmt"/>
      <line num="22" count="11" type="stmt"/>
      <line num="23" count="11" type="stmt"/>
      <line num="24" count="7" type="cond" truecount="2" falsecount="0"/>
      <line num="25" count="5" type="stmt"/>
      <line num="26" count="5" type="stmt"/>
      <line num="28" count="6" type="stmt"/>
      <line num="29" count="6" type="stmt"/>
      <line num="36" count="6" type="stmt"/>
      <line num="40" count="6" type="stmt"/>
      <line num="45" count="2" type="stmt"/>
      <line num="47" count="2" type="cond" truecount="2" falsecount="0"/>
      <line num="48" count="1" type="stmt"/>
      <line num="51" count="1" type="stmt"/>
      <line num="52" count="1" type="stmt"/>
      <line num="57" count="1" type="stmt"/>
      <line num="58" count="2" type="stmt"/>
      <line num="63" count="2" type="stmt"/>
      <line num="65" count="2" type="stmt"/>
      <line num="66" count="2" type="stmt"/>
      <line num="67" count="2" type="stmt"/>
      <line num="69" count="0" type="stmt"/>
      <line num="70" count="0" type="stmt"/>
    </file>
    <file name="models.js" path="C:\Users\KofiFrimpongOsei\Desktop\task-manager-api-client\models.js">
      <metrics statements="14" coveredstatements="14" conditionals="10" coveredconditionals="10" methods="12" coveredmethods="12"/>
      <line num="4" count="48" type="stmt"/>
      <line num="7" count="3" type="stmt"/>
      <line num="8" count="2" type="stmt"/>
      <line num="9" count="9" type="cond" truecount="2" falsecount="0"/>
      <line num="14" count="8" type="stmt"/>
      <line num="15" count="8" type="cond" truecount="2" falsecount="0"/>
      <line num="16" count="8" type="cond" truecount="2" falsecount="0"/>
      <line num="19" count="3" type="cond" truecount="2" falsecount="0"/>
      <line num="24" count="16" type="stmt"/>
      <line num="25" count="16" type="stmt"/>
      <line num="30" count="11" type="stmt"/>
      <line num="34" count="7" type="cond" truecount="2" falsecount="0"/>
      <line num="35" count="8" type="stmt"/>
      <line num="39" count="5" type="stmt"/>
    </file>
    <file name="taskProcessor.js" path="C:\Users\KofiFrimpongOsei\Desktop\task-manager-api-client\taskProcessor.js">
      <metrics statements="24" coveredstatements="24" conditionals="8" coveredconditionals="8" methods="11" coveredmethods="11"/>
      <line num="4" count="2" type="stmt"/>
      <line num="5" count="3" type="stmt"/>
      <line num="8" count="2" type="stmt"/>
      <line num="9" count="3" type="stmt"/>
      <line num="11" count="6" type="stmt"/>
      <line num="12" count="6" type="cond" truecount="2" falsecount="0"/>
      <line num="13" count="4" type="stmt"/>
      <line num="16" count="6" type="cond" truecount="2" falsecount="0"/>
      <line num="17" count="3" type="cond" truecount="2" falsecount="0"/>
      <line num="20" count="6" type="stmt"/>
      <line num="31" count="2" type="stmt"/>
      <line num="32" count="2" type="stmt"/>
      <line num="33" count="2" type="stmt"/>
      <line num="34" count="6" type="cond" truecount="2" falsecount="0"/>
      <line num="35" count="6" type="stmt"/>
      <line num="37" count="2" type="stmt"/>
      <line num="41" count="2" type="stmt"/>
      <line num="42" count="2" type="stmt"/>
      <line num="43" count="2" type="stmt"/>
      <line num="44" count="4" type="stmt"/>
      <line num="46" count="2" type="stmt"/>
      <line num="50" count="2" type="stmt"/>
      <line num="51" count="1" type="stmt"/>
      <line num="52" count="3" type="stmt"/>
    </file>
  </project>
</coverage>
