<?xml version="1.0" encoding="UTF-8"?>
<coverage generated="1770106754378" clover="3.2.0">
  <project timestamp="1770106754378" name="All files">
    <metrics statements="14" coveredstatements="14" conditionals="10" coveredconditionals="10" methods="12" coveredmethods="12" elements="36" coveredelements="36" complexity="0" loc="14" ncloc="14" packages="1" files="1" classes="1"/>
    <file name="models.js" path="C:\Users\KofiFrimpongOsei\Desktop\task-manager-api-client\models.js">
      <metrics statements="14" coveredstatements="14" conditionals="10" coveredconditionals="10" methods="12" coveredmethods="12"/>
      <line num="4" count="35" type="stmt"/>
      <line num="7" count="2" type="stmt"/>
      <line num="8" count="2" type="stmt"/>
      <line num="9" count="6" type="cond" truecount="2" falsecount="0"/>
      <line num="14" count="8" type="stmt"/>
      <line num="15" count="8" type="cond" truecount="2" falsecount="0"/>
      <line num="16" count="8" type="cond" truecount="2" falsecount="0"/>
      <line num="19" count="3" type="cond" truecount="2" falsecount="0"/>
      <line num="24" count="12" type="stmt"/>
      <line num="25" count="12" type="stmt"/>
      <line num="30" count="7" type="stmt"/>
      <line num="34" count="4" type="cond" truecount="2" falsecount="0"/>
      <line num="35" count="3" type="stmt"/>
      <line num="39" count="3" type="stmt"/>
    </file>
  </project>
</coverage>
