{"C:\\Users\\KofiFrimpongOsei\\Desktop\\task-manager-api-client\\api.js": {"path":"C:\\Users\\KofiFrimpongOsei\\Desktop\\task-manager-api-client\\api.js","statementMap":{"0":{"start":{"line":5,"column":4},"end":{"line":7,"column":6}},"1":{"start":{"line":9,"column":4},"end":{"line":11,"column":6}},"2":{"start":{"line":15,"column":16},"end":{"line":15,"column":20}},"3":{"start":{"line":16,"column":4},"end":{"line":30,"column":6}},"4":{"start":{"line":17,"column":6},"end":{"line":20,"column":7}},"5":{"start":{"line":18,"column":8},"end":{"line":18,"column":52}},"6":{"start":{"line":19,"column":8},"end":{"line":19,"column":21}},"7":{"start":{"line":21,"column":6},"end":{"line":29,"column":7}},"8":{"start":{"line":22,"column":20},"end":{"line":22,"column":36}},"9":{"start":{"line":23,"column":8},"end":{"line":23,"column":64}},"10":{"start":{"line":23,"column":21},"end":{"line":23,"column":64}},"11":{"start":{"line":24,"column":8},"end":{"line":24,"column":33}},"12":{"start":{"line":25,"column":8},"end":{"line":25,"column":21}},"13":{"start":{"line":27,"column":8},"end":{"line":27,"column":35}},"14":{"start":{"line":28,"column":8},"end":{"line":28,"column":18}},"15":{"start":{"line":35,"column":4},"end":{"line":35,"column":30}},"16":{"start":{"line":39,"column":4},"end":{"line":39,"column":30}},"17":{"start":{"line":44,"column":4},"end":{"line":52,"column":9}},"18":{"start":{"line":46,"column":8},"end":{"line":46,"column":72}},"19":{"start":{"line":46,"column":21},"end":{"line":46,"column":72}},"20":{"start":{"line":47,"column":8},"end":{"line":47,"column":26}},"21":{"start":{"line":50,"column":8},"end":{"line":50,"column":53}},"22":{"start":{"line":51,"column":8},"end":{"line":51,"column":18}},"23":{"start":{"line":56,"column":18},"end":{"line":56,"column":41}},"24":{"start":{"line":57,"column":4},"end":{"line":57,"column":56}},"25":{"start":{"line":57,"column":32},"end":{"line":57,"column":54}},"26":{"start":{"line":62,"column":4},"end":{"line":70,"column":5}},"27":{"start":{"line":64,"column":29},"end":{"line":64,"column":86}},"28":{"start":{"line":65,"column":6},"end":{"line":65,"column":58}},"29":{"start":{"line":66,"column":6},"end":{"line":66,"column":30}},"30":{"start":{"line":68,"column":6},"end":{"line":68,"column":81}},"31":{"start":{"line":69,"column":6},"end":{"line":69,"column":38}}},"fnMap":{"0":{"name":"(anonymous_0)","decl":{"start":{"line":3,"column":2},"end":{"line":3,"column":3}},"loc":{"start":{"line":3,"column":16},"end":{"line":12,"column":3}},"line":3},"1":{"name":"(anonymous_1)","decl":{"start":{"line":14,"column":2},"end":{"line":14,"column":3}},"loc":{"start":{"line":14,"column":28},"end":{"line":31,"column":3}},"line":14},"2":{"name":"(anonymous_2)","decl":{"start":{"line":16,"column":11},"end":{"line":16,"column":12}},"loc":{"start":{"line":16,"column":23},"end":{"line":30,"column":5}},"line":16},"3":{"name":"(anonymous_3)","decl":{"start":{"line":34,"column":2},"end":{"line":34,"column":3}},"loc":{"start":{"line":34,"column":15},"end":{"line":36,"column":3}},"line":34},"4":{"name":"(anonymous_4)","decl":{"start":{"line":38,"column":2},"end":{"line":38,"column":3}},"loc":{"start":{"line":38,"column":15},"end":{"line":40,"column":3}},"line":38},"5":{"name":"(anonymous_5)","decl":{"start":{"line":43,"column":2},"end":{"line":43,"column":3}},"loc":{"start":{"line":43,"column":22},"end":{"line":53,"column":3}},"line":43},"6":{"name":"(anonymous_6)","decl":{"start":{"line":45,"column":12},"end":{"line":45,"column":13}},"loc":{"start":{"line":45,"column":19},"end":{"line":48,"column":7}},"line":45},"7":{"name":"(anonymous_7)","decl":{"start":{"line":49,"column":13},"end":{"line":49,"column":14}},"loc":{"start":{"line":49,"column":20},"end":{"line":52,"column":7}},"line":49},"8":{"name":"(anonymous_8)","decl":{"start":{"line":55,"column":2},"end":{"line":55,"column":3}},"loc":{"start":{"line":55,"column":31},"end":{"line":58,"column":3}},"line":55},"9":{"name":"(anonymous_9)","decl":{"start":{"line":57,"column":24},"end":{"line":57,"column":25}},"loc":{"start":{"line":57,"column":32},"end":{"line":57,"column":54}},"line":57},"10":{"name":"(anonymous_10)","decl":{"start":{"line":61,"column":2},"end":{"line":61,"column":3}},"loc":{"start":{"line":61,"column":41},"end":{"line":71,"column":3}},"line":61}},"branchMap":{"0":{"loc":{"start":{"line":17,"column":6},"end":{"line":20,"column":7}},"type":"if","locations":[{"start":{"line":17,"column":6},"end":{"line":20,"column":7}},{"start":{},"end":{}}],"line":17},"1":{"loc":{"start":{"line":23,"column":8},"end":{"line":23,"column":64}},"type":"if","locations":[{"start":{"line":23,"column":8},"end":{"line":23,"column":64}},{"start":{},"end":{}}],"line":23},"2":{"loc":{"start":{"line":46,"column":8},"end":{"line":46,"column":72}},"type":"if","locations":[{"start":{"line":46,"column":8},"end":{"line":46,"column":72}},{"start":{},"end":{}}],"line":46}},"s":{"0":9,"1":9,"2":18,"3":18,"4":11,"5":1,"6":1,"7":10,"8":10,"9":7,"10":1,"11":6,"12":6,"13":4,"14":4,"15":6,"16":5,"17":2,"18":2,"19":1,"20":1,"21":1,"22":1,"23":2,"24":2,"25":3,"26":1,"27":1,"28":1,"29":1,"30":0,"31":0},"f":{"0":9,"1":18,"2":11,"3":6,"4":5,"5":2,"6":2,"7":1,"8":2,"9":3,"10":1},"b":{"0":[1,10],"1":[1,6],"2":[1,1]},"_coverageSchema":"1a1c01bbd47fc00a2c39e90264f33305004495a9","hash":"8c94c44f4eb9c7bf124b227226831c649c0bd32e"}
,"C:\\Users\\KofiFrimpongOsei\\Desktop\\task-manager-api-client\\models.js": {"path":"C:\\Users\\KofiFrimpongOsei\\Desktop\\task-manager-api-client\\models.js","statementMap":{"0":{"start":{"line":4,"column":4},"end":{"line":4,"column":58}},"1":{"start":{"line":7,"column":13},"end":{"line":7,"column":46}},"2":{"start":{"line":8,"column":16},"end":{"line":8,"column":29}},"3":{"start":{"line":9,"column":16},"end":{"line":9,"column":64}},"4":{"start":{"line":14,"column":4},"end":{"line":14,"column":17}},"5":{"start":{"line":15,"column":4},"end":{"line":15,"column":47}},"6":{"start":{"line":16,"column":4},"end":{"line":16,"column":41}},"7":{"start":{"line":19,"column":16},"end":{"line":19,"column":75}},"8":{"start":{"line":24,"column":4},"end":{"line":24,"column":45}},"9":{"start":{"line":25,"column":4},"end":{"line":25,"column":20}},"10":{"start":{"line":30,"column":4},"end":{"line":30,"column":30}},"11":{"start":{"line":34,"column":4},"end":{"line":34,"column":37}},"12":{"start":{"line":34,"column":28},"end":{"line":34,"column":37}},"13":{"start":{"line":35,"column":4},"end":{"line":35,"column":74}},"14":{"start":{"line":35,"column":34},"end":{"line":35,"column":45}},"15":{"start":{"line":39,"column":4},"end":{"line":39,"column":60}},"16":{"start":{"line":39,"column":34},"end":{"line":39,"column":58}}},"fnMap":{"0":{"name":"(anonymous_0)","decl":{"start":{"line":3,"column":2},"end":{"line":3,"column":3}},"loc":{"start":{"line":3,"column":48},"end":{"line":5,"column":3}},"line":3},"1":{"name":"(anonymous_1)","decl":{"start":{"line":7,"column":2},"end":{"line":7,"column":3}},"loc":{"start":{"line":7,"column":11},"end":{"line":7,"column":48}},"line":7},"2":{"name":"(anonymous_2)","decl":{"start":{"line":8,"column":2},"end":{"line":8,"column":3}},"loc":{"start":{"line":8,"column":14},"end":{"line":8,"column":31}},"line":8},"3":{"name":"(anonymous_3)","decl":{"start":{"line":9,"column":2},"end":{"line":9,"column":3}},"loc":{"start":{"line":9,"column":14},"end":{"line":9,"column":66}},"line":9},"4":{"name":"(anonymous_4)","decl":{"start":{"line":13,"column":2},"end":{"line":13,"column":3}},"loc":{"start":{"line":13,"column":21},"end":{"line":17,"column":3}},"line":13},"5":{"name":"(anonymous_5)","decl":{"start":{"line":19,"column":2},"end":{"line":19,"column":3}},"loc":{"start":{"line":19,"column":14},"end":{"line":19,"column":77}},"line":19},"6":{"name":"(anonymous_6)","decl":{"start":{"line":23,"column":2},"end":{"line":23,"column":3}},"loc":{"start":{"line":23,"column":35},"end":{"line":26,"column":3}},"line":23},"7":{"name":"(anonymous_7)","decl":{"start":{"line":29,"column":2},"end":{"line":29,"column":3}},"loc":{"start":{"line":29,"column":20},"end":{"line":31,"column":3}},"line":29},"8":{"name":"(anonymous_8)","decl":{"start":{"line":33,"column":2},"end":{"line":33,"column":3}},"loc":{"start":{"line":33,"column":22},"end":{"line":36,"column":3}},"line":33},"9":{"name":"(anonymous_9)","decl":{"start":{"line":35,"column":29},"end":{"line":35,"column":30}},"loc":{"start":{"line":35,"column":34},"end":{"line":35,"column":45}},"line":35},"10":{"name":"(anonymous_10)","decl":{"start":{"line":38,"column":2},"end":{"line":38,"column":3}},"loc":{"start":{"line":38,"column":27},"end":{"line":40,"column":3}},"line":38},"11":{"name":"(anonymous_11)","decl":{"start":{"line":39,"column":29},"end":{"line":39,"column":30}},"loc":{"start":{"line":39,"column":34},"end":{"line":39,"column":58}},"line":39}},"branchMap":{"0":{"loc":{"start":{"line":9,"column":23},"end":{"line":9,"column":63}},"type":"cond-expr","locations":[{"start":{"line":9,"column":40},"end":{"line":9,"column":51}},{"start":{"line":9,"column":54},"end":{"line":9,"column":63}}],"line":9},"1":{"loc":{"start":{"line":15,"column":20},"end":{"line":15,"column":46}},"type":"binary-expr","locations":[{"start":{"line":15,"column":20},"end":{"line":15,"column":34}},{"start":{"line":15,"column":38},"end":{"line":15,"column":46}}],"line":15},"2":{"loc":{"start":{"line":16,"column":19},"end":{"line":16,"column":40}},"type":"binary-expr","locations":[{"start":{"line":16,"column":19},"end":{"line":16,"column":32}},{"start":{"line":16,"column":36},"end":{"line":16,"column":40}}],"line":16},"3":{"loc":{"start":{"line":19,"column":23},"end":{"line":19,"column":74}},"type":"binary-expr","locations":[{"start":{"line":19,"column":23},"end":{"line":19,"column":35}},{"start":{"line":19,"column":39},"end":{"line":19,"column":74}}],"line":19},"4":{"loc":{"start":{"line":34,"column":4},"end":{"line":34,"column":37}},"type":"if","locations":[{"start":{"line":34,"column":4},"end":{"line":34,"column":37}},{"start":{},"end":{}}],"line":34}},"s":{"0":45,"1":3,"2":2,"3":9,"4":8,"5":8,"6":8,"7":3,"8":16,"9":16,"10":11,"11":7,"12":2,"13":5,"14":7,"15":3,"16":5},"f":{"0":45,"1":3,"2":2,"3":9,"4":8,"5":3,"6":16,"7":11,"8":7,"9":7,"10":3,"11":5},"b":{"0":[4,5],"1":[8,5],"2":[8,6],"3":[3,2],"4":[2,5]},"_coverageSchema":"1a1c01bbd47fc00a2c39e90264f33305004495a9","hash":"fa57b41df4a99460cd3d60c875b6097f590dc2ab"}
,"C:\\Users\\KofiFrimpongOsei\\Desktop\\task-manager-api-client\\taskProcessor.js": {"path":"C:\\Users\\KofiFrimpongOsei\\Desktop\\task-manager-api-client\\taskProcessor.js","statementMap":{"0":{"start":{"line":4,"column":30},"end":{"line":5,"column":45}},"1":{"start":{"line":5,"column":2},"end":{"line":5,"column":45}},"2":{"start":{"line":5,"column":20},"end":{"line":5,"column":44}},"3":{"start":{"line":8,"column":35},"end":{"line":28,"column":3}},"4":{"start":{"line":9,"column":2},"end":{"line":28,"column":3}},"5":{"start":{"line":11,"column":6},"end":{"line":11,"column":20}},"6":{"start":{"line":12,"column":6},"end":{"line":13,"column":27}},"7":{"start":{"line":12,"column":26},"end":{"line":12,"column":44}},"8":{"start":{"line":13,"column":11},"end":{"line":13,"column":27}},"9":{"start":{"line":16,"column":6},"end":{"line":18,"column":7}},"10":{"start":{"line":17,"column":8},"end":{"line":17,"column":85}},"11":{"start":{"line":20,"column":6},"end":{"line":20,"column":19}},"12":{"start":{"line":31,"column":27},"end":{"line":38,"column":1}},"13":{"start":{"line":32,"column":14},"end":{"line":32,"column":23}},"14":{"start":{"line":33,"column":2},"end":{"line":36,"column":5}},"15":{"start":{"line":34,"column":4},"end":{"line":34,"column":56}},"16":{"start":{"line":34,"column":31},"end":{"line":34,"column":56}},"17":{"start":{"line":35,"column":4},"end":{"line":35,"column":36}},"18":{"start":{"line":37,"column":2},"end":{"line":37,"column":13}},"19":{"start":{"line":41,"column":33},"end":{"line":47,"column":1}},"20":{"start":{"line":42,"column":17},"end":{"line":42,"column":26}},"21":{"start":{"line":43,"column":2},"end":{"line":45,"column":5}},"22":{"start":{"line":44,"column":4},"end":{"line":44,"column":47}},"23":{"start":{"line":44,"column":30},"end":{"line":44,"column":45}},"24":{"start":{"line":46,"column":2},"end":{"line":46,"column":16}},"25":{"start":{"line":50,"column":27},"end":{"line":53,"column":1}},"26":{"start":{"line":51,"column":16},"end":{"line":51,"column":37}},"27":{"start":{"line":52,"column":2},"end":{"line":52,"column":72}},"28":{"start":{"line":52,"column":30},"end":{"line":52,"column":70}}},"fnMap":{"0":{"name":"(anonymous_0)","decl":{"start":{"line":4,"column":30},"end":{"line":4,"column":31}},"loc":{"start":{"line":5,"column":2},"end":{"line":5,"column":45}},"line":5},"1":{"name":"(anonymous_1)","decl":{"start":{"line":5,"column":15},"end":{"line":5,"column":16}},"loc":{"start":{"line":5,"column":20},"end":{"line":5,"column":44}},"line":5},"2":{"name":"(anonymous_2)","decl":{"start":{"line":8,"column":35},"end":{"line":8,"column":36}},"loc":{"start":{"line":9,"column":2},"end":{"line":28,"column":3}},"line":9},"3":{"name":"(anonymous_3)","decl":{"start":{"line":10,"column":4},"end":{"line":10,"column":5}},"loc":{"start":{"line":10,"column":21},"end":{"line":21,"column":5}},"line":10},"4":{"name":"(anonymous_4)","decl":{"start":{"line":31,"column":27},"end":{"line":31,"column":28}},"loc":{"start":{"line":31,"column":36},"end":{"line":38,"column":1}},"line":31},"5":{"name":"(anonymous_5)","decl":{"start":{"line":33,"column":16},"end":{"line":33,"column":17}},"loc":{"start":{"line":33,"column":24},"end":{"line":36,"column":3}},"line":33},"6":{"name":"(anonymous_6)","decl":{"start":{"line":41,"column":33},"end":{"line":41,"column":34}},"loc":{"start":{"line":41,"column":42},"end":{"line":47,"column":1}},"line":41},"7":{"name":"(anonymous_7)","decl":{"start":{"line":43,"column":16},"end":{"line":43,"column":17}},"loc":{"start":{"line":43,"column":24},"end":{"line":45,"column":3}},"line":43},"8":{"name":"(anonymous_8)","decl":{"start":{"line":44,"column":23},"end":{"line":44,"column":24}},"loc":{"start":{"line":44,"column":30},"end":{"line":44,"column":45}},"line":44},"9":{"name":"(anonymous_9)","decl":{"start":{"line":50,"column":27},"end":{"line":50,"column":28}},"loc":{"start":{"line":50,"column":47},"end":{"line":53,"column":1}},"line":50},"10":{"name":"(anonymous_10)","decl":{"start":{"line":52,"column":22},"end":{"line":52,"column":23}},"loc":{"start":{"line":52,"column":30},"end":{"line":52,"column":70}},"line":52}},"branchMap":{"0":{"loc":{"start":{"line":12,"column":6},"end":{"line":13,"column":27}},"type":"if","locations":[{"start":{"line":12,"column":6},"end":{"line":13,"column":27}},{"start":{"line":13,"column":11},"end":{"line":13,"column":27}}],"line":12},"1":{"loc":{"start":{"line":16,"column":6},"end":{"line":18,"column":7}},"type":"if","locations":[{"start":{"line":16,"column":6},"end":{"line":18,"column":7}},{"start":{},"end":{}}],"line":16},"2":{"loc":{"start":{"line":17,"column":43},"end":{"line":17,"column":79}},"type":"binary-expr","locations":[{"start":{"line":17,"column":43},"end":{"line":17,"column":74}},{"start":{"line":17,"column":78},"end":{"line":17,"column":79}}],"line":17},"3":{"loc":{"start":{"line":34,"column":4},"end":{"line":34,"column":56}},"type":"if","locations":[{"start":{"line":34,"column":4},"end":{"line":34,"column":56}},{"start":{},"end":{}}],"line":34}},"s":{"0":2,"1":1,"2":3,"3":2,"4":3,"5":6,"6":6,"7":2,"8":4,"9":6,"10":3,"11":6,"12":2,"13":2,"14":2,"15":6,"16":4,"17":6,"18":2,"19":2,"20":2,"21":2,"22":4,"23":3,"24":2,"25":2,"26":1,"27":1,"28":3},"f":{"0":1,"1":3,"2":3,"3":6,"4":2,"5":6,"6":2,"7":4,"8":3,"9":1,"10":3},"b":{"0":[2,4],"1":[3,3],"2":[3,3],"3":[4,2]},"_coverageSchema":"1a1c01bbd47fc00a2c39e90264f33305004495a9","hash":"49f23edd4ba039039a1f609dfef8a6e5e51ccab5"}
}
