{"C:\\Users\\KofiFrimpongOsei\\Desktop\\task-manager-api-client\\models.js": {"path":"C:\\Users\\KofiFrimpongOsei\\Desktop\\task-manager-api-client\\models.js","statementMap":{"0":{"start":{"line":4,"column":4},"end":{"line":4,"column":58}},"1":{"start":{"line":7,"column":13},"end":{"line":7,"column":46}},"2":{"start":{"line":8,"column":16},"end":{"line":8,"column":29}},"3":{"start":{"line":9,"column":16},"end":{"line":9,"column":64}},"4":{"start":{"line":14,"column":4},"end":{"line":14,"column":17}},"5":{"start":{"line":15,"column":4},"end":{"line":15,"column":47}},"6":{"start":{"line":16,"column":4},"end":{"line":16,"column":41}},"7":{"start":{"line":19,"column":16},"end":{"line":19,"column":75}},"8":{"start":{"line":24,"column":4},"end":{"line":24,"column":45}},"9":{"start":{"line":25,"column":4},"end":{"line":25,"column":20}},"10":{"start":{"line":30,"column":4},"end":{"line":30,"column":30}},"11":{"start":{"line":34,"column":4},"end":{"line":34,"column":37}},"12":{"start":{"line":34,"column":28},"end":{"line":34,"column":37}},"13":{"start":{"line":35,"column":4},"end":{"line":35,"column":74}},"14":{"start":{"line":35,"column":34},"end":{"line":35,"column":45}},"15":{"start":{"line":39,"column":4},"end":{"line":39,"column":60}},"16":{"start":{"line":39,"column":34},"end":{"line":39,"column":58}}},"fnMap":{"0":{"name":"(anonymous_0)","decl":{"start":{"line":3,"column":2},"end":{"line":3,"column":3}},"loc":{"start":{"line":3,"column":48},"end":{"line":5,"column":3}},"line":3},"1":{"name":"(anonymous_1)","decl":{"start":{"line":7,"column":2},"end":{"line":7,"column":3}},"loc":{"start":{"line":7,"column":11},"end":{"line":7,"column":48}},"line":7},"2":{"name":"(anonymous_2)","decl":{"start":{"line":8,"column":2},"end":{"line":8,"column":3}},"loc":{"start":{"line":8,"column":14},"end":{"line":8,"column":31}},"line":8},"3":{"name":"(anonymous_3)","decl":{"start":{"line":9,"column":2},"end":{"line":9,"column":3}},"loc":{"start":{"line":9,"column":14},"end":{"line":9,"column":66}},"line":9},"4":{"name":"(anonymous_4)","decl":{"start":{"line":13,"column":2},"end":{"line":13,"column":3}},"loc":{"start":{"line":13,"column":21},"end":{"line":17,"column":3}},"line":13},"5":{"name":"(anonymous_5)","decl":{"start":{"line":19,"column":2},"end":{"line":19,"column":3}},"loc":{"start":{"line":19,"column":14},"end":{"line":19,"column":77}},"line":19},"6":{"name":"(anonymous_6)","decl":{"start":{"line":23,"column":2},"end":{"line":23,"column":3}},"loc":{"start":{"line":23,"column":35},"end":{"line":26,"column":3}},"line":23},"7":{"name":"(anonymous_7)","decl":{"start":{"line":29,"column":2},"end":{"line":29,"column":3}},"loc":{"start":{"line":29,"column":20},"end":{"line":31,"column":3}},"line":29},"8":{"name":"(anonymous_8)","decl":{"start":{"line":33,"column":2},"end":{"line":33,"column":3}},"loc":{"start":{"line":33,"column":22},"end":{"line":36,"column":3}},"line":33},"9":{"name":"(anonymous_9)","decl":{"start":{"line":35,"column":29},"end":{"line":35,"column":30}},"loc":{"start":{"line":35,"column":34},"end":{"line":35,"column":45}},"line":35},"10":{"name":"(anonymous_10)","decl":{"start":{"line":38,"column":2},"end":{"line":38,"column":3}},"loc":{"start":{"line":38,"column":27},"end":{"line":40,"column":3}},"line":38},"11":{"name":"(anonymous_11)","decl":{"start":{"line":39,"column":29},"end":{"line":39,"column":30}},"loc":{"start":{"line":39,"column":34},"end":{"line":39,"column":58}},"line":39}},"branchMap":{"0":{"loc":{"start":{"line":9,"column":23},"end":{"line":9,"column":63}},"type":"cond-expr","locations":[{"start":{"line":9,"column":40},"end":{"line":9,"column":51}},{"start":{"line":9,"column":54},"end":{"line":9,"column":63}}],"line":9},"1":{"loc":{"start":{"line":15,"column":20},"end":{"line":15,"column":46}},"type":"binary-expr","locations":[{"start":{"line":15,"column":20},"end":{"line":15,"column":34}},{"start":{"line":15,"column":38},"end":{"line":15,"column":46}}],"line":15},"2":{"loc":{"start":{"line":16,"column":19},"end":{"line":16,"column":40}},"type":"binary-expr","locations":[{"start":{"line":16,"column":19},"end":{"line":16,"column":32}},{"start":{"line":16,"column":36},"end":{"line":16,"column":40}}],"line":16},"3":{"loc":{"start":{"line":19,"column":23},"end":{"line":19,"column":74}},"type":"binary-expr","locations":[{"start":{"line":19,"column":23},"end":{"line":19,"column":35}},{"start":{"line":19,"column":39},"end":{"line":19,"column":74}}],"line":19},"4":{"loc":{"start":{"line":34,"column":4},"end":{"line":34,"column":37}},"type":"if","locations":[{"start":{"line":34,"column":4},"end":{"line":34,"column":37}},{"start":{},"end":{}}],"line":34}},"s":{"0":35,"1":2,"2":2,"3":6,"4":8,"5":8,"6":8,"7":3,"8":12,"9":12,"10":7,"11":4,"12":2,"13":2,"14":3,"15":2,"16":3},"f":{"0":35,"1":2,"2":2,"3":6,"4":8,"5":3,"6":12,"7":7,"8":4,"9":3,"10":2,"11":3},"b":{"0":[2,4],"1":[8,5],"2":[8,6],"3":[3,2],"4":[2,2]},"_coverageSchema":"1a1c01bbd47fc00a2c39e90264f33305004495a9","hash":"fa57b41df4a99460cd3d60c875b6097f590dc2ab"}
}
