TN:
SF:api.js
FN:3,(anonymous_0)
FN:15,(anonymous_1)
FN:17,(anonymous_2)
FN:35,(anonymous_3)
FN:39,(anonymous_4)
FN:44,(anonymous_5)
FN:46,(anonymous_6)
FN:50,(anonymous_7)
FN:56,(anonymous_8)
FN:58,(anonymous_9)
FN:62,(anonymous_10)
FNF:11
FNH:11
FNDA:9,(anonymous_0)
FNDA:18,(anonymous_1)
FNDA:11,(anonymous_2)
FNDA:6,(anonymous_3)
FNDA:5,(anonymous_4)
FNDA:2,(anonymous_5)
FNDA:2,(anonymous_6)
FNDA:1,(anonymous_7)
FNDA:2,(anonymous_8)
FNDA:3,(anonymous_9)
FNDA:1,(anonymous_10)
DA:5,9
DA:9,9
DA:16,18
DA:17,18
DA:18,11
DA:19,1
DA:20,1
DA:22,10
DA:23,10
DA:24,7
DA:25,6
DA:26,6
DA:28,4
DA:29,4
DA:36,6
DA:40,5
DA:45,2
DA:47,2
DA:48,1
DA:51,1
DA:52,1
DA:57,2
DA:58,3
DA:63,1
DA:65,1
DA:66,1
DA:67,1
DA:69,0
DA:70,0
LF:29
LH:27
BRDA:18,0,0,1
BRDA:18,0,1,10
BRDA:24,1,0,1
BRDA:24,1,1,6
BRDA:47,2,0,1
BRDA:47,2,1,1
BRF:6
BRH:6
end_of_record
TN:
SF:models.js
FN:3,(anonymous_0)
FN:7,(anonymous_1)
FN:8,(anonymous_2)
FN:9,(anonymous_3)
FN:13,(anonymous_4)
FN:19,(anonymous_5)
FN:23,(anonymous_6)
FN:29,(anonymous_7)
FN:33,(anonymous_8)
FN:35,(anonymous_9)
FN:38,(anonymous_10)
FN:39,(anonymous_11)
FNF:12
FNH:12
FNDA:45,(anonymous_0)
FNDA:3,(anonymous_1)
FNDA:2,(anonymous_2)
FNDA:9,(anonymous_3)
FNDA:8,(anonymous_4)
FNDA:3,(anonymous_5)
FNDA:16,(anonymous_6)
FNDA:11,(anonymous_7)
FNDA:7,(anonymous_8)
FNDA:7,(anonymous_9)
FNDA:3,(anonymous_10)
FNDA:5,(anonymous_11)
DA:4,45
DA:7,3
DA:8,2
DA:9,9
DA:14,8
DA:15,8
DA:16,8
DA:19,3
DA:24,16
DA:25,16
DA:30,11
DA:34,7
DA:35,7
DA:39,5
LF:14
LH:14
BRDA:9,0,0,4
BRDA:9,0,1,5
BRDA:15,1,0,8
BRDA:15,1,1,5
BRDA:16,2,0,8
BRDA:16,2,1,6
BRDA:19,3,0,3
BRDA:19,3,1,2
BRDA:34,4,0,2
BRDA:34,4,1,5
BRF:10
BRH:10
end_of_record
TN:
SF:taskProcessor.js
FN:4,(anonymous_0)
FN:5,(anonymous_1)
FN:8,(anonymous_2)
FN:10,(anonymous_3)
FN:31,(anonymous_4)
FN:33,(anonymous_5)
FN:41,(anonymous_6)
FN:43,(anonymous_7)
FN:44,(anonymous_8)
FN:50,(anonymous_9)
FN:52,(anonymous_10)
FNF:11
FNH:11
FNDA:1,(anonymous_0)
FNDA:3,(anonymous_1)
FNDA:3,(anonymous_2)
FNDA:6,(anonymous_3)
FNDA:2,(anonymous_4)
FNDA:6,(anonymous_5)
FNDA:2,(anonymous_6)
FNDA:4,(anonymous_7)
FNDA:3,(anonymous_8)
FNDA:1,(anonymous_9)
FNDA:3,(anonymous_10)
DA:4,2
DA:5,3
DA:8,2
DA:9,3
DA:11,6
DA:12,6
DA:13,4
DA:16,6
DA:17,3
DA:20,6
DA:31,2
DA:32,2
DA:33,2
DA:34,6
DA:35,6
DA:37,2
DA:41,2
DA:42,2
DA:43,2
DA:44,4
DA:46,2
DA:50,2
DA:51,1
DA:52,3
LF:24
LH:24
BRDA:12,0,0,2
BRDA:12,0,1,4
BRDA:16,1,0,3
BRDA:16,1,1,3
BRDA:17,2,0,3
BRDA:17,2,1,3
BRDA:34,3,0,4
BRDA:34,3,1,2
BRF:8
BRH:8
end_of_record
