TN:
SF:models.js
FN:3,(anonymous_0)
FN:7,(anonymous_1)
FN:8,(anonymous_2)
FN:9,(anonymous_3)
FN:13,(anonymous_4)
FN:19,(anonymous_5)
FN:23,(anonymous_6)
FN:29,(anonymous_7)
FN:33,(anonymous_8)
FN:35,(anonymous_9)
FN:38,(anonymous_10)
FN:39,(anonymous_11)
FNF:12
FNH:12
FNDA:35,(anonymous_0)
FNDA:2,(anonymous_1)
FNDA:2,(anonymous_2)
FNDA:6,(anonymous_3)
FNDA:8,(anonymous_4)
FNDA:3,(anonymous_5)
FNDA:12,(anonymous_6)
FNDA:7,(anonymous_7)
FNDA:4,(anonymous_8)
FNDA:3,(anonymous_9)
FNDA:2,(anonymous_10)
FNDA:3,(anonymous_11)
DA:4,35
DA:7,2
DA:8,2
DA:9,6
DA:14,8
DA:15,8
DA:16,8
DA:19,3
DA:24,12
DA:25,12
DA:30,7
DA:34,4
DA:35,3
DA:39,3
LF:14
LH:14
BRDA:9,0,0,2
BRDA:9,0,1,4
BRDA:15,1,0,8
BRDA:15,1,1,5
BRDA:16,2,0,8
BRDA:16,2,1,6
BRDA:19,3,0,3
BRDA:19,3,1,2
BRDA:34,4,0,2
BRDA:34,4,1,2
BRF:10
BRH:10
end_of_record
